Arguments: 
  /usr/bin/node /usr/share/yarn/bin/yarn.js install --no-progress --production

PATH: 
  /home/braye98/.rvm/gems/ruby-2.5.1/bin:/home/braye98/.rvm/gems/ruby-2.5.1@global/bin:/home/braye98/.rvm/rubies/ruby-2.5.1/bin:/home/braye98/.rvm/bin:/home/braye98/bin:/home/braye98/.local/bin:/usr/local/sbin:/usr/local/bin:/usr/sbin:/usr/bin:/sbin:/bin:/usr/games:/usr/local/games:/snap/bin:/opt/node/bin:/opt/android-sdk/tools:/opt/android-sdk/platform-tools

Yarn version: 
  1.17.3

Node version: 
  12.8.0

Platform: 
  linux x64

Trace: 
  Error: getaddrinfo EAI_AGAIN registry.yarnpkg.com
      at GetAddrInfoReqWrap.onlookup [as oncomplete] (dns.js:60:26)

npm manifest: 
  {
    "name": "front_end",
    "version": "1.0.0",
    "description": "An evironment for her",
    "main": "index.js",
    "scripts": {
      "test": "echo \"Error: no test specified\" && exit 1"
    },
    "repository": {
      "type": "git",
      "url": "git+https://github.com/enmachs/front_end.git"
    },
    "author": "EnmChs",
    "license": "MIT",
    "bugs": {
      "url": "https://github.com/enmachs/front_end/issues"
    },
    "homepage": "https://github.com/enmachs/front_end#readme",
    "devDependencies": {
      "bourbon": "^5.0.0",
      "bourbon-neat": "^2.1.0",
      "browser-sync": "^2.18.13",
      "del": "^3.0.0",
      "gulp": "^3.9.1",
      "gulp-cache": "^1.0.1",
      "gulp-cssbeautify": "^1.0.0",
      "gulp-html-beautify": "^1.0.1",
      "gulp-imagemin": "^4.0.0",
      "gulp-sass": "^3.1.0",
      "gulp-slim": "^0.3.0",
      "jquery": "^3.2.1",
      "merge-stream": "^1.0.1",
      "run-sequence": "^2.2.0"
    },
    "dependencies": {
      "gulp-ruby-haml": "0.0.9"
    }
  }

yarn manifest: 
  No manifest

Lockfile: 
  # THIS IS AN AUTOGENERATED FILE. DO NOT EDIT THIS FILE DIRECTLY.
  # yarn lockfile v1
